# JRE version: OpenJDK Runtime Environment (8.0_112-b06) (build 1.8.0_112-release-b06)
# Java VM: OpenJDK 64-Bit Server VM (25.112-b06 mixed mode windows-amd64 compressed oops)
Heap:
 PSYoungGen      total 220672K, used 97309K [0x00000000e0000000, 0x00000000ef480000, 0x0000000100000000)
  eden space 203264K, 45% used [0x00000000e0000000,0x00000000e5ae3888,0x00000000ec680000)
  from space 17408K, 24% used [0x00000000eda80000,0x00000000edea3ec0,0x00000000eeb80000)
  to   space 20480K, 0% used [0x00000000ec680000,0x00000000ec680000,0x00000000eda80000)
 ParOldGen       total 69120K, used 37855K [0x00000000a0000000, 0x00000000a4380000, 0x00000000e0000000)
  object space 69120K, 54% used [0x00000000a0000000,0x00000000a24f7ef0,0x00000000a4380000)
 Metaspace       used 59354K, capacity 61760K, committed 62080K, reserved 1103872K
  class space    used 7931K, capacity 8467K, committed 8576K, reserved 1048576K
GC Heap History (10 events):
Event: 21.302 GC heap before
{Heap before GC invocations=13 (full 2):
 PSYoungGen      total 120320K, used 3692K [0x00000000e0000000, 0x00000000eac00000, 0x0000000100000000)
  eden space 109568K, 0% used [0x00000000e0000000,0x00000000e0000000,0x00000000e6b00000)
  from space 10752K, 34% used [0x00000000e6b00000,0x00000000e6e9b110,0x00000000e7580000)
  to   space 10240K, 0% used [0x00000000ea200000,0x00000000ea200000,0x00000000eac00000)
 ParOldGen       total 25088K, used 17072K [0x00000000a0000000, 0x00000000a1880000, 0x00000000e0000000)
  object space 25088K, 68% used [0x00000000a0000000,0x00000000a10ac100,0x00000000a1880000)
 Metaspace       used 34723K, capacity 35438K, committed 35496K, reserved 1079296K
  class space    used 4632K, capacity 4808K, committed 4864K, reserved 1048576K
Event: 21.489 GC heap after
Heap after GC invocations=13 (full 2):
 PSYoungGen      total 120320K, used 0K [0x00000000e0000000, 0x00000000eac00000, 0x0000000100000000)
  eden space 109568K, 0% used [0x00000000e0000000,0x00000000e0000000,0x00000000e6b00000)
  from space 10752K, 0% used [0x00000000e6b00000,0x00000000e6b00000,0x00000000e7580000)
  to   space 10240K, 0% used [0x00000000ea200000,0x00000000ea200000,0x00000000eac00000)
 ParOldGen       total 37888K, used 16253K [0x00000000a0000000, 0x00000000a2500000, 0x00000000e0000000)
  object space 37888K, 42% used [0x00000000a0000000,0x00000000a0fdf788,0x00000000a2500000)
 Metaspace       used 34697K, capacity 35350K, committed 35496K, reserved 1079296K
  class space    used 4624K, capacity 4800K, committed 4864K, reserved 1048576K
}
Event: 24.685 GC heap before
{Heap before GC invocations=14 (full 2):
 PSYoungGen      total 120320K, used 109568K [0x00000000e0000000, 0x00000000eac00000, 0x0000000100000000)
  eden space 109568K, 100% used [0x00000000e0000000,0x00000000e6b00000,0x00000000e6b00000)
  from space 10752K, 0% used [0x00000000e6b00000,0x00000000e6b00000,0x00000000e7580000)
  to   space 10240K, 0% used [0x00000000ea200000,0x00000000ea200000,0x00000000eac00000)
 ParOldGen       total 37888K, used 16253K [0x00000000a0000000, 0x00000000a2500000, 0x00000000e0000000)
  object space 37888K, 42% used [0x00000000a0000000,0x00000000a0fdf788,0x00000000a2500000)
 Metaspace       used 41270K, capacity 42090K, committed 42368K, reserved 1085440K
  class space    used 5487K, capacity 5689K, committed 5760K, reserved 1048576K
Event: 24.713 GC heap after
Heap after GC invocations=14 (full 2):
 PSYoungGen      total 162304K, used 10222K [0x00000000e0000000, 0x00000000eac80000, 0x0000000100000000)
  eden space 152064K, 0% used [0x00000000e0000000,0x00000000e0000000,0x00000000e9480000)
  from space 10240K, 99% used [0x00000000ea200000,0x00000000eabfbad8,0x00000000eac00000)
  to   space 12288K, 0% used [0x00000000e9480000,0x00000000e9480000,0x00000000ea080000)
 ParOldGen       total 37888K, used 17846K [0x00000000a0000000, 0x00000000a2500000, 0x00000000e0000000)
  object space 37888K, 47% used [0x00000000a0000000,0x00000000a116da90,0x00000000a2500000)
 Metaspace       used 41270K, capacity 42090K, committed 42368K, reserved 1085440K
  class space    used 5487K, capacity 5689K, committed 5760K, reserved 1048576K
}
Event: 34.283 GC heap before
{Heap before GC invocations=15 (full 2):
 PSYoungGen      total 162304K, used 162286K [0x00000000e0000000, 0x00000000eac80000, 0x0000000100000000)
  eden space 152064K, 100% used [0x00000000e0000000,0x00000000e9480000,0x00000000e9480000)
  from space 10240K, 99% used [0x00000000ea200000,0x00000000eabfbad8,0x00000000eac00000)
  to   space 12288K, 0% used [0x00000000e9480000,0x00000000e9480000,0x00000000ea080000)
 ParOldGen       total 37888K, used 17846K [0x00000000a0000000, 0x00000000a2500000, 0x00000000e0000000)
  object space 37888K, 47% used [0x00000000a0000000,0x00000000a116da90,0x00000000a2500000)
 Metaspace       used 51059K, capacity 52666K, committed 52864K, reserved 1095680K
  class space    used 6869K, capacity 7238K, committed 7296K, reserved 1048576K
Event: 34.336 GC heap after
Heap after GC invocations=15 (full 2):
 PSYoungGen      total 164352K, used 12263K [0x00000000e0000000, 0x00000000eeb80000, 0x0000000100000000)
  eden space 152064K, 0% used [0x00000000e0000000,0x00000000e0000000,0x00000000e9480000)
  from space 12288K, 99% used [0x00000000e9480000,0x00000000ea079c68,0x00000000ea080000)
  to   space 17408K, 0% used [0x00000000eda80000,0x00000000eda80000,0x00000000eeb80000)
 ParOldGen       total 37888K, used 26791K [0x00000000a0000000, 0x00000000a2500000, 0x00000000e0000000)
  object space 37888K, 70% used [0x00000000a0000000,0x00000000a1a29d78,0x00000000a2500000)
 Metaspace       used 51059K, capacity 52666K, committed 52864K, reserved 1095680K
  class space    used 6869K, capacity 7238K, committed 7296K, reserved 1048576K
}
Event: 53.833 GC heap before
{Heap before GC invocations=16 (full 2):
 PSYoungGen      total 164352K, used 164327K [0x00000000e0000000, 0x00000000eeb80000, 0x0000000100000000)
  eden space 152064K, 100% used [0x00000000e0000000,0x00000000e9480000,0x00000000e9480000)
  from space 12288K, 99% used [0x00000000e9480000,0x00000000ea079c68,0x00000000ea080000)
  to   space 17408K, 0% used [0x00000000eda80000,0x00000000eda80000,0x00000000eeb80000)
 ParOldGen       total 37888K, used 26791K [0x00000000a0000000, 0x00000000a2500000, 0x00000000e0000000)
  object space 37888K, 70% used [0x00000000a0000000,0x00000000a1a29d78,0x00000000a2500000)
 Metaspace       used 56109K, capacity 58358K, committed 58496K, reserved 1099776K
  class space    used 7574K, capacity 8046K, committed 8064K, reserved 1048576K
Event: 54.434 GC heap after
Heap after GC invocations=16 (full 2):
 PSYoungGen      total 220672K, used 16825K [0x00000000e0000000, 0x00000000ef480000, 0x0000000100000000)
  eden space 203264K, 0% used [0x00000000e0000000,0x00000000e0000000,0x00000000ec680000)
  from space 17408K, 96% used [0x00000000eda80000,0x00000000eeaee780,0x00000000eeb80000)
  to   space 20480K, 0% used [0x00000000ec680000,0x00000000ec680000,0x00000000eda80000)
 ParOldGen       total 37888K, used 35145K [0x00000000a0000000, 0x00000000a2500000, 0x00000000e0000000)
  object space 37888K, 92% used [0x00000000a0000000,0x00000000a22527d0,0x00000000a2500000)
 Metaspace       used 56109K, capacity 58358K, committed 58496K, reserved 1099776K
  class space    used 7574K, capacity 8046K, committed 8064K, reserved 1048576K
}
Event: 54.436 GC heap before
{Heap before GC invocations=17 (full 3):
 PSYoungGen      total 220672K, used 16825K [0x00000000e0000000, 0x00000000ef480000, 0x0000000100000000)
  eden space 203264K, 0% used [0x00000000e0000000,0x00000000e0000000,0x00000000ec680000)
  from space 17408K, 96% used [0x00000000eda80000,0x00000000eeaee780,0x00000000eeb80000)
  to   space 20480K, 0% used [0x00000000ec680000,0x00000000ec680000,0x00000000eda80000)
 ParOldGen       total 37888K, used 35145K [0x00000000a0000000, 0x00000000a2500000, 0x00000000e0000000)
  object space 37888K, 92% used [0x00000000a0000000,0x00000000a22527d0,0x00000000a2500000)
 Metaspace       used 56109K, capacity 58358K, committed 58496K, reserved 1099776K
  class space    used 7574K, capacity 8046K, committed 8064K, reserved 1048576K
Event: 56.979 GC heap after
Heap after GC invocations=17 (full 3):
 PSYoungGen      total 220672K, used 4239K [0x00000000e0000000, 0x00000000ef480000, 0x0000000100000000)
  eden space 203264K, 0% used [0x00000000e0000000,0x00000000e0000000,0x00000000ec680000)
  from space 17408K, 24% used [0x00000000eda80000,0x00000000edea3ec0,0x00000000eeb80000)
  to   space 20480K, 0% used [0x00000000ec680000,0x00000000ec680000,0x00000000eda80000)
 ParOldGen       total 69120K, used 37855K [0x00000000a0000000, 0x00000000a4380000, 0x00000000e0000000)
  object space 69120K, 54% used [0x00000000a0000000,0x00000000a24f7ef0,0x00000000a4380000)
 Metaspace       used 56109K, capacity 58358K, committed 58496K, reserved 1099776K
  class space    used 7574K, capacity 8046K, committed 8064K, reserved 1048576K
}

